# JRE version: Java(TM) SE Runtime Environment (8.0_111-b14) (build 1.8.0_111-b14)
# Java VM: Java HotSpot(TM) 64-Bit Server VM (25.111-b14 mixed mode windows-amd64 compressed oops)
Heap:
 PSYoungGen      total 420864K, used 864K [0x00000000e0000000, 0x0000000100000000, 0x0000000100000000)
  eden space 317440K, 0% used [0x00000000e0000000,0x00000000e0000000,0x00000000f3600000)
  from space 103424K, 0% used [0x00000000f3600000,0x00000000f36d81d0,0x00000000f9b00000)
  to   space 103424K, 0% used [0x00000000f9b00000,0x00000000f9b00000,0x0000000100000000)
 ParOldGen       total 370688K, used 111768K [0x00000000a0000000, 0x00000000b6a00000, 0x00000000e0000000)
  object space 370688K, 30% used [0x00000000a0000000,0x00000000a6d26238,0x00000000b6a00000)
 Metaspace       used 90674K, capacity 93512K, committed 111000K, reserved 1144832K
  class space    used 10172K, capacity 10741K, committed 16280K, reserved 1048576K
GC Heap History (10 events):
Event: 23196.231 GC heap after
Heap after GC invocations=102 (full 14):
 PSYoungGen      total 398336K, used 56855K [0x00000000e0000000, 0x0000000100000000, 0x0000000100000000)
  eden space 318464K, 0% used [0x00000000e0000000,0x00000000e0000000,0x00000000f3700000)
  from space 79872K, 71% used [0x00000000fb200000,0x00000000fe985e00,0x0000000100000000)
  to   space 102912K, 0% used [0x00000000f3700000,0x00000000f3700000,0x00000000f9b80000)
 ParOldGen       total 398336K, used 287559K [0x00000000a0000000, 0x00000000b8500000, 0x00000000e0000000)
  object space 398336K, 72% used [0x00000000a0000000,0x00000000b18d1fc0,0x00000000b8500000)
 Metaspace       used 91268K, capacity 94204K, committed 111000K, reserved 1144832K
  class space    used 10262K, capacity 10871K, committed 16280K, reserved 1048576K
}
Event: 23200.123 GC heap before
{Heap before GC invocations=103 (full 14):
 PSYoungGen      total 398336K, used 375319K [0x00000000e0000000, 0x0000000100000000, 0x0000000100000000)
  eden space 318464K, 100% used [0x00000000e0000000,0x00000000f3700000,0x00000000f3700000)
  from space 79872K, 71% used [0x00000000fb200000,0x00000000fe985e00,0x0000000100000000)
  to   space 102912K, 0% used [0x00000000f3700000,0x00000000f3700000,0x00000000f9b80000)
 ParOldGen       total 398336K, used 287559K [0x00000000a0000000, 0x00000000b8500000, 0x00000000e0000000)
  object space 398336K, 72% used [0x00000000a0000000,0x00000000b18d1fc0,0x00000000b8500000)
 Metaspace       used 91384K, capacity 94280K, committed 111000K, reserved 1144832K
  class space    used 10265K, capacity 10873K, committed 16280K, reserved 1048576K
Event: 23200.217 GC heap after
Heap after GC invocations=103 (full 14):
 PSYoungGen      total 421376K, used 15058K [0x00000000e0000000, 0x0000000100000000, 0x0000000100000000)
  eden space 318464K, 0% used [0x00000000e0000000,0x00000000e0000000,0x00000000f3700000)
  from space 102912K, 14% used [0x00000000f3700000,0x00000000f45b49f0,0x00000000f9b80000)
  to   space 102400K, 0% used [0x00000000f9c00000,0x00000000f9c00000,0x0000000100000000)
 ParOldGen       total 398336K, used 337146K [0x00000000a0000000, 0x00000000b8500000, 0x00000000e0000000)
  object space 398336K, 84% used [0x00000000a0000000,0x00000000b493e9e0,0x00000000b8500000)
 Metaspace       used 91384K, capacity 94280K, committed 111000K, reserved 1144832K
  class space    used 10265K, capacity 10873K, committed 16280K, reserved 1048576K
}
Event: 23200.217 GC heap before
{Heap before GC invocations=104 (full 15):
 PSYoungGen      total 421376K, used 15058K [0x00000000e0000000, 0x0000000100000000, 0x0000000100000000)
  eden space 318464K, 0% used [0x00000000e0000000,0x00000000e0000000,0x00000000f3700000)
  from space 102912K, 14% used [0x00000000f3700000,0x00000000f45b49f0,0x00000000f9b80000)
  to   space 102400K, 0% used [0x00000000f9c00000,0x00000000f9c00000,0x0000000100000000)
 ParOldGen       total 398336K, used 337146K [0x00000000a0000000, 0x00000000b8500000, 0x00000000e0000000)
  object space 398336K, 84% used [0x00000000a0000000,0x00000000b493e9e0,0x00000000b8500000)
 Metaspace       used 91384K, capacity 94280K, committed 111000K, reserved 1144832K
  class space    used 10265K, capacity 10873K, committed 16280K, reserved 1048576K
Event: 23200.690 GC heap after
Heap after GC invocations=104 (full 15):
 PSYoungGen      total 421376K, used 0K [0x00000000e0000000, 0x0000000100000000, 0x0000000100000000)
  eden space 318464K, 0% used [0x00000000e0000000,0x00000000e0000000,0x00000000f3700000)
  from space 102912K, 0% used [0x00000000f3700000,0x00000000f3700000,0x00000000f9b80000)
  to   space 102400K, 0% used [0x00000000f9c00000,0x00000000f9c00000,0x0000000100000000)
 ParOldGen       total 370688K, used 110828K [0x00000000a0000000, 0x00000000b6a00000, 0x00000000e0000000)
  object space 370688K, 29% used [0x00000000a0000000,0x00000000a6c3b188,0x00000000b6a00000)
 Metaspace       used 90397K, capacity 93232K, committed 111000K, reserved 1144832K
  class space    used 10154K, capacity 10737K, committed 16280K, reserved 1048576K
}
Event: 23203.304 GC heap before
{Heap before GC invocations=105 (full 15):
 PSYoungGen      total 421376K, used 318464K [0x00000000e0000000, 0x0000000100000000, 0x0000000100000000)
  eden space 318464K, 100% used [0x00000000e0000000,0x00000000f3700000,0x00000000f3700000)
  from space 102912K, 0% used [0x00000000f3700000,0x00000000f3700000,0x00000000f9b80000)
  to   space 102400K, 0% used [0x00000000f9c00000,0x00000000f9c00000,0x0000000100000000)
 ParOldGen       total 370688K, used 110828K [0x00000000a0000000, 0x00000000b6a00000, 0x00000000e0000000)
  object space 370688K, 29% used [0x00000000a0000000,0x00000000a6c3b188,0x00000000b6a00000)
 Metaspace       used 90649K, capacity 93506K, committed 111000K, reserved 1144832K
  class space    used 10168K, capacity 10740K, committed 16280K, reserved 1048576K
Event: 23203.316 GC heap after
Heap after GC invocations=105 (full 15):
 PSYoungGen      total 419840K, used 2122K [0x00000000e0000000, 0x0000000100000000, 0x0000000100000000)
  eden space 317440K, 0% used [0x00000000e0000000,0x00000000e0000000,0x00000000f3600000)
  from space 102400K, 2% used [0x00000000f9c00000,0x00000000f9e12bf0,0x0000000100000000)
  to   space 103424K, 0% used [0x00000000f3600000,0x00000000f3600000,0x00000000f9b00000)
 ParOldGen       total 370688K, used 110836K [0x00000000a0000000, 0x00000000b6a00000, 0x00000000e0000000)
  object space 370688K, 29% used [0x00000000a0000000,0x00000000a6c3d188,0x00000000b6a00000)
 Metaspace       used 90649K, capacity 93506K, committed 111000K, reserved 1144832K
  class space    used 10168K, capacity 10740K, committed 16280K, reserved 1048576K
}
Event: 26800.691 GC heap before
{Heap before GC invocations=106 (full 15):
 PSYoungGen      total 419840K, used 54028K [0x00000000e0000000, 0x0000000100000000, 0x0000000100000000)
  eden space 317440K, 16% used [0x00000000e0000000,0x00000000e32b06b8,0x00000000f3600000)
  from space 102400K, 2% used [0x00000000f9c00000,0x00000000f9e12bf0,0x0000000100000000)
  to   space 103424K, 0% used [0x00000000f3600000,0x00000000f3600000,0x00000000f9b00000)
 ParOldGen       total 370688K, used 110836K [0x00000000a0000000, 0x00000000b6a00000, 0x00000000e0000000)
  object space 370688K, 29% used [0x00000000a0000000,0x00000000a6c3d188,0x00000000b6a00000)
 Metaspace       used 90674K, capacity 93512K, committed 111000K, reserved 1144832K
  class space    used 10172K, capacity 10741K, committed 16280K, reserved 1048576K
Event: 26809.888 GC heap after
Heap after GC invocations=106 (full 15):
 PSYoungGen      total 420864K, used 864K [0x00000000e0000000, 0x0000000100000000, 0x0000000100000000)
  eden space 317440K, 0% used [0x00000000e0000000,0x00000000e0000000,0x00000000f3600000)
  from space 103424K, 0% used [0x00000000f3600000,0x00000000f36d81d0,0x00000000f9b00000)
  to   space 103424K, 0% used [0x00000000f9b00000,0x00000000f9b00000,0x0000000100000000)
 ParOldGen       total 370688K, used 111768K [0x00000000a0000000, 0x00000000b6a00000, 0x00000000e0000000)
  object space 370688K, 30% used [0x00000000a0000000,0x00000000a6d26238,0x00000000b6a00000)
 Metaspace       used 90674K, capacity 93512K, committed 111000K, reserved 1144832K
  class space    used 10172K, capacity 10741K, committed 16280K, reserved 1048576K
}
Event: 26809.888 GC heap before
{Heap before GC invocations=107 (full 16):
 PSYoungGen      total 420864K, used 864K [0x00000000e0000000, 0x0000000100000000, 0x0000000100000000)
  eden space 317440K, 0% used [0x00000000e0000000,0x00000000e0000000,0x00000000f3600000)
  from space 103424K, 0% used [0x00000000f3600000,0x00000000f36d81d0,0x00000000f9b00000)
  to   space 103424K, 0% used [0x00000000f9b00000,0x00000000f9b00000,0x0000000100000000)
 ParOldGen       total 370688K, used 111768K [0x00000000a0000000, 0x00000000b6a00000, 0x00000000e0000000)
  object space 370688K, 30% used [0x00000000a0000000,0x00000000a6d26238,0x00000000b6a00000)
 Metaspace       used 90674K, capacity 93512K, committed 111000K, reserved 1144832K
  class space    used 10172K, capacity 10741K, committed 16280K, reserved 1048576K

